<?xml version="1.0" encoding="UTF-8"?>
<testng-results skipped="0" failed="0" total="1" passed="1">
  <reporter-output>
  </reporter-output>
  <suite name="Suite" duration-ms="6292" started-at="2018-02-04T11:02:02Z" finished-at="2018-02-04T11:02:08Z">
    <groups>
    </groups>
    <test name="Test" duration-ms="6292" started-at="2018-02-04T11:02:02Z" finished-at="2018-02-04T11:02:08Z">
      <class name="qsp.DemoA">
        <test-method status="PASS" signature="testA()[pri:0, instance:qsp.DemoA@5c7fa833]" name="testA" duration-ms="6276" started-at="2018-02-04T16:32:02Z" finished-at="2018-02-04T16:32:08Z">
          <reporter-output>
          </reporter-output>
        </test-method> <!-- testA -->
      </class> <!-- qsp.DemoA -->
    </test> <!-- Test -->
  </suite> <!-- Suite -->
</testng-results>
